<?xml version="1.0" encoding="UTF-8"?>
<!-- Generated by org.testng.reporters.JUnitXMLReporter -->
<testsuite hostname="SonY-PC" name="Test" tests="1" failures="0" timestamp="15 Feb 2017 20:54:12 GMT" time="0.037" errors="0">
  <testcase name="@BeforeClass initApplication" time="0.0" classname="com.hrm.scripts.CreateEmployee">
    <failure type="java.net.MalformedURLException" message="no protocol: 192.168.0.1:4444/wd/hub">
      <![CDATA[java.net.MalformedURLException: no protocol: 192.168.0.1:4444/wd/hub
	at java.net.URL.<init>(URL.java:586)
	at java.net.URL.<init>(URL.java:483)
	at java.net.URL.<init>(URL.java:432)
	at com.hrm.base.BaseTest.initApplication(BaseTest.java:84)
... Removed 24 stack frames]]>
    </failure>
  </testcase> <!-- @BeforeClass initApplication -->
  <testcase name="@BeforeMethod preCondition" time="0.0" classname="com.hrm.scripts.CreateEmployee">
    <skipped/>
  </testcase> <!-- @BeforeMethod preCondition -->
  <testcase name="@AfterMethod postCondition" time="0.0" classname="com.hrm.scripts.CreateEmployee">
    <skipped/>
  </testcase> <!-- @AfterMethod postCondition -->
  <testcase name="@AfterClass closeApplication" time="0.0" classname="com.hrm.scripts.CreateEmployee">
    <skipped/>
  </testcase> <!-- @AfterClass closeApplication -->
  <testcase name="testCreateEmployee" time="0.003" classname="com.hrm.scripts.CreateEmployee">
    <skipped/>
  </testcase> <!-- testCreateEmployee -->
</testsuite> <!-- Test -->
