<?xml version="1.0" encoding="UTF-8"?>
<testng-results skipped="1" failed="0" total="1" passed="0">
  <reporter-output>
  </reporter-output>
  <suite name="Suite" duration-ms="37" started-at="2017-02-15T20:54:12Z" finished-at="2017-02-15T20:54:12Z">
    <groups>
    </groups>
    <test name="Test" duration-ms="37" started-at="2017-02-15T20:54:12Z" finished-at="2017-02-15T20:54:12Z">
      <class name="com.hrm.scripts.CreateEmployee">
        <test-method status="PASS" signature="initReport()[pri:0, instance:com.hrm.scripts.CreateEmployee@1a5fe33]" name="initReport" is-config="true" duration-ms="315" started-at="2017-02-16T02:24:11Z" finished-at="2017-02-16T02:24:12Z">
          <reporter-output>
          </reporter-output>
        </test-method> <!-- initReport -->
        <test-method status="PASS" signature="initGlobalVar()[pri:0, instance:com.hrm.scripts.CreateEmployee@1a5fe33]" name="initGlobalVar" is-config="true" duration-ms="2" started-at="2017-02-16T02:24:12Z" finished-at="2017-02-16T02:24:12Z">
          <reporter-output>
          </reporter-output>
        </test-method> <!-- initGlobalVar -->
        <test-method status="FAIL" signature="initApplication(java.lang.String, java.lang.String)[pri:0, instance:com.hrm.scripts.CreateEmployee@1a5fe33]" name="initApplication" is-config="true" duration-ms="0" started-at="2017-02-16T02:24:12Z" finished-at="2017-02-16T02:24:12Z">
          <params>
            <param index="0">
              <value>
                <![CDATA[192.168.0.1:4444/wd/hub]]>
              </value>
            </param>
            <param index="1">
              <value>
                <![CDATA[chrome]]>
              </value>
            </param>
          </params>
          <exception class="java.net.MalformedURLException">
            <message>
              <![CDATA[no protocol: 192.168.0.1:4444/wd/hub]]>
            </message>
            <full-stacktrace>
              <![CDATA[java.net.MalformedURLException: no protocol: 192.168.0.1:4444/wd/hub
	at java.net.URL.<init>(URL.java:586)
	at java.net.URL.<init>(URL.java:483)
	at java.net.URL.<init>(URL.java:432)
	at com.hrm.base.BaseTest.initApplication(BaseTest.java:84)
	at sun.reflect.NativeMethodAccessorImpl.invoke0(Native Method)
	at sun.reflect.NativeMethodAccessorImpl.invoke(NativeMethodAccessorImpl.java:62)
	at sun.reflect.DelegatingMethodAccessorImpl.invoke(DelegatingMethodAccessorImpl.java:43)
	at java.lang.reflect.Method.invoke(Method.java:483)
	at org.testng.internal.MethodInvocationHelper.invokeMethod(MethodInvocationHelper.java:80)
	at org.testng.internal.Invoker.invokeConfigurationMethod(Invoker.java:564)
	at org.testng.internal.Invoker.invokeConfigurations(Invoker.java:213)
	at org.testng.internal.Invoker.invokeConfigurations(Invoker.java:138)
	at org.testng.internal.TestMethodWorker.invokeBeforeClassMethods(TestMethodWorker.java:175)
	at org.testng.internal.TestMethodWorker.run(TestMethodWorker.java:107)
	at org.testng.TestRunner.privateRun(TestRunner.java:767)
	at org.testng.TestRunner.run(TestRunner.java:617)
	at org.testng.SuiteRunner.runTest(SuiteRunner.java:334)
	at org.testng.SuiteRunner.runSequentially(SuiteRunner.java:329)
	at org.testng.SuiteRunner.privateRun(SuiteRunner.java:291)
	at org.testng.SuiteRunner.run(SuiteRunner.java:240)
	at org.testng.SuiteRunnerWorker.runSuite(SuiteRunnerWorker.java:52)
	at org.testng.SuiteRunnerWorker.run(SuiteRunnerWorker.java:86)
	at org.testng.TestNG.runSuitesSequentially(TestNG.java:1198)
	at org.testng.TestNG.runSuitesLocally(TestNG.java:1123)
	at org.testng.TestNG.run(TestNG.java:1031)
	at org.testng.remote.AbstractRemoteTestNG.run(AbstractRemoteTestNG.java:132)
	at org.testng.remote.RemoteTestNG.initAndRun(RemoteTestNG.java:236)
	at org.testng.remote.RemoteTestNG.main(RemoteTestNG.java:81)
]]>
            </full-stacktrace>
          </exception> <!-- java.net.MalformedURLException -->
          <reporter-output>
          </reporter-output>
        </test-method> <!-- initApplication -->
        <test-method status="SKIP" signature="preCondition(java.lang.reflect.Method)[pri:0, instance:com.hrm.scripts.CreateEmployee@1a5fe33]" name="preCondition" is-config="true" duration-ms="0" started-at="2017-02-16T02:24:12Z" finished-at="2017-02-16T02:24:12Z">
          <reporter-output>
          </reporter-output>
        </test-method> <!-- preCondition -->
        <test-method status="SKIP" signature="testCreateEmployee()[pri:0, instance:com.hrm.scripts.CreateEmployee@1a5fe33]" name="testCreateEmployee" duration-ms="3" started-at="2017-02-16T02:24:12Z" finished-at="2017-02-16T02:24:12Z">
          <reporter-output>
          </reporter-output>
        </test-method> <!-- testCreateEmployee -->
        <test-method status="SKIP" signature="postCondition(org.testng.ITestResult)[pri:0, instance:com.hrm.scripts.CreateEmployee@1a5fe33]" name="postCondition" is-config="true" duration-ms="0" started-at="2017-02-16T02:24:12Z" finished-at="2017-02-16T02:24:12Z">
          <reporter-output>
          </reporter-output>
        </test-method> <!-- postCondition -->
        <test-method status="SKIP" signature="closeApplication()[pri:0, instance:com.hrm.scripts.CreateEmployee@1a5fe33]" name="closeApplication" is-config="true" duration-ms="0" started-at="2017-02-16T02:24:12Z" finished-at="2017-02-16T02:24:12Z">
          <reporter-output>
          </reporter-output>
        </test-method> <!-- closeApplication -->
        <test-method status="SKIP" signature="publishReport()[pri:0, instance:com.hrm.scripts.CreateEmployee@1a5fe33]" name="publishReport" is-config="true" duration-ms="0" started-at="2017-02-16T02:24:12Z" finished-at="2017-02-16T02:24:12Z">
          <reporter-output>
          </reporter-output>
        </test-method> <!-- publishReport -->
      </class> <!-- com.hrm.scripts.CreateEmployee -->
    </test> <!-- Test -->
  </suite> <!-- Suite -->
</testng-results>
